<?xml version="1.0" encoding="UTF-8"?>
<!-- Generated by org.testng.reporters.JUnitReportReporter -->
<testsuite hostname="DESKTOP-PB2EV64" failures="0" tests="11" name="Hw3.RunTest" time="55.440" errors="0" timestamp="2021-04-15T18:01:23 MSK" skipped="0">
  <testcase classname="Hw3.RunTest" name="runScenario" time="4.080"/>
  <system-out/>
  <testcase classname="Hw3.RunTest" name="runScenario" time="4.496"/>
  <system-out/>
  <testcase classname="Hw3.RunTest" name="runScenario" time="6.096"/>
  <system-out/>
  <testcase classname="Hw3.RunTest" name="runScenario" time="4.111"/>
  <system-out/>
  <testcase classname="Hw3.RunTest" name="runScenario" time="5.095"/>
  <system-out/>
  <testcase classname="Hw3.RunTest" name="runScenario" time="4.784"/>
  <system-out/>
  <testcase classname="Hw3.RunTest" name="runScenario" time="6.577"/>
  <system-out/>
  <testcase classname="Hw3.RunTest" name="runScenario" time="4.453"/>
  <system-out/>
  <testcase classname="Hw3.RunTest" name="runScenario" time="5.767"/>
  <system-out/>
  <testcase classname="Hw3.RunTest" name="runScenario" time="4.142"/>
  <system-out/>
  <testcase classname="Hw3.RunTest" name="runScenario" time="5.839"/>
  <system-out/>
</testsuite> <!-- Hw3.RunTest -->
