<?xml version="1.0" encoding="UTF-8"?>
<!-- Generated by org.testng.reporters.JUnitReportReporter -->
<testsuite hostname="DESKTOP-PB2EV64" failures="0" tests="11" name="Hw3.RunTest" time="42.637" errors="0" timestamp="2021-06-01T21:09:32 MSK" skipped="0">
  <testcase classname="Hw3.RunTest" name="runScenario" time="6.187"/>
  <system-out/>
  <testcase classname="Hw3.RunTest" name="runScenario" time="3.515"/>
  <system-out/>
  <testcase classname="Hw3.RunTest" name="runScenario" time="5.033"/>
  <system-out/>
  <testcase classname="Hw3.RunTest" name="runScenario" time="3.385"/>
  <system-out/>
  <testcase classname="Hw3.RunTest" name="runScenario" time="3.358"/>
  <system-out/>
  <testcase classname="Hw3.RunTest" name="runScenario" time="3.559"/>
  <system-out/>
  <testcase classname="Hw3.RunTest" name="runScenario" time="3.401"/>
  <system-out/>
  <testcase classname="Hw3.RunTest" name="runScenario" time="3.416"/>
  <system-out/>
  <testcase classname="Hw3.RunTest" name="runScenario" time="3.598"/>
  <system-out/>
  <testcase classname="Hw3.RunTest" name="runScenario" time="3.317"/>
  <system-out/>
  <testcase classname="Hw3.RunTest" name="runScenario" time="3.868"/>
  <system-out/>
</testsuite> <!-- Hw3.RunTest -->
